<?xml version="1.0" encoding="UTF-8"?>
<testsuite xmlns:xsi="http://www.w3.org/2001/XMLSchema-instance" xsi:noNamespaceSchemaLocation="https://maven.apache.org/surefire/maven-surefire-plugin/xsd/surefire-test-report-3.0.xsd" version="3.0" name="com.viimeiset.koiranvaatekauppa.TuoteTest" time="1.493" tests="2" errors="1" skipped="0" failures="0">
  <properties>
[...]
</properties>
  <testcase name="addTuote" classname="com.viimeiset.koiranvaatekauppa.TuoteTest" time="0.212">
    <system-out><![CDATA[2023-12-04T12:05:19.829+02:00  INFO 12088 --- [           main] o.s.b.d.r.RestartApplicationListener     : Restart disabled due to context in which it is running

  .   ____          _            __ _ _
 /\\ / ___'_ __ _ _(_)_ __  __ _ \ \ \ \
( ( )\___ | '_ | '_| | '_ \/ _` | \ \ \ \
 \\/  ___)| |_)| | | | | || (_| |  ) ) ) )
  '  |____| .__|_| |_|_| |_\__, | / / / /
 =========|_|==============|___/=/_/_/_/
 :: Spring Boot ::                (v3.1.5)

2023-12-04T12:05:19.852+02:00  INFO 12088 --- [           main] c.viimeiset.koiranvaatekauppa.TuoteTest  : Starting TuoteTest using Java 19.0.2 with PID 12088 (started by Matias in C:\Users\matia\Desktop\Haaga-Helia\OHJPROJ1\koirabackend)
2023-12-04T12:05:19.852+02:00  INFO 12088 --- [           main] c.viimeiset.koiranvaatekauppa.TuoteTest  : No active profile set, falling back to 1 default profile: "default"
2023-12-04T12:05:20.054+02:00  INFO 12088 --- [           main] .s.d.r.c.RepositoryConfigurationDelegate : Bootstrapping Spring Data JPA repositories in DEFAULT mode.
2023-12-04T12:05:20.064+02:00  INFO 12088 --- [           main] .s.d.r.c.RepositoryConfigurationDelegate : Finished Spring Data repository scanning in 10 ms. Found 3 JPA repository interfaces.
2023-12-04T12:05:20.127+02:00  INFO 12088 --- [           main] com.zaxxer.hikari.HikariDataSource       : HikariPool-2 - Starting...
2023-12-04T12:05:20.290+02:00  INFO 12088 --- [           main] com.zaxxer.hikari.pool.HikariPool        : HikariPool-2 - Added connection com.mysql.cj.jdbc.ConnectionImpl@798ceea2
2023-12-04T12:05:20.291+02:00  INFO 12088 --- [           main] com.zaxxer.hikari.HikariDataSource       : HikariPool-2 - Start completed.
2023-12-04T12:05:20.337+02:00  INFO 12088 --- [           main] o.hibernate.jpa.internal.util.LogHelper  : HHH000204: Processing PersistenceUnitInfo [name: default]
2023-12-04T12:05:20.348+02:00  INFO 12088 --- [           main] o.s.o.j.p.SpringPersistenceUnitInfo      : No LoadTimeWeaver setup: ignoring JPA class transformer
2023-12-04T12:05:20.416+02:00  INFO 12088 --- [           main] o.h.e.t.j.p.i.JtaPlatformInitiator       : HHH000489: No JTA platform available (set 'hibernate.transaction.jta.platform' to enable JTA platform integration)
2023-12-04T12:05:20.657+02:00  INFO 12088 --- [           main] j.LocalContainerEntityManagerFactoryBean : Initialized JPA EntityManagerFactory for persistence unit 'default'
2023-12-04T12:05:20.725+02:00  WARN 12088 --- [           main] JpaBaseConfiguration$JpaWebConfiguration : spring.jpa.open-in-view is enabled by default. Therefore, database queries may be performed during view rendering. Explicitly configure spring.jpa.open-in-view to disable this warning
2023-12-04T12:05:20.753+02:00  INFO 12088 --- [           main] o.s.s.web.DefaultSecurityFilterChain     : Will secure any request with [org.springframework.security.web.session.DisableEncodeUrlFilter@4b477d05, org.springframework.security.web.context.request.async.WebAsyncManagerIntegrationFilter@7c5dbca5, org.springframework.security.web.context.SecurityContextHolderFilter@470ce6e7, org.springframework.security.web.header.HeaderWriterFilter@d4df4ce, org.springframework.web.filter.CorsFilter@6d6c4775, org.springframework.security.web.authentication.logout.LogoutFilter@6e13e2fc, org.springframework.security.web.authentication.UsernamePasswordAuthenticationFilter@3ab26cad, org.springframework.security.web.savedrequest.RequestCacheAwareFilter@39a8905b, org.springframework.security.web.servletapi.SecurityContextHolderAwareRequestFilter@2c8174ce, org.springframework.security.web.authentication.AnonymousAuthenticationFilter@44929971, org.springframework.security.web.access.ExceptionTranslationFilter@2c07277f, org.springframework.security.web.access.intercept.AuthorizationFilter@3444ac8f]
2023-12-04T12:05:20.812+02:00  INFO 12088 --- [           main] o.s.b.a.w.s.WelcomePageHandlerMapping    : Adding welcome page template: index
2023-12-04T12:05:20.915+02:00  INFO 12088 --- [           main] o.s.b.a.e.web.EndpointLinksResolver      : Exposing 1 endpoint(s) beneath base path '/actuator'
2023-12-04T12:05:20.934+02:00  INFO 12088 --- [           main] c.viimeiset.koiranvaatekauppa.TuoteTest  : Started TuoteTest in 1.104 seconds (process running for 7.256)
2023-12-04T12:05:20.935+02:00  INFO 12088 --- [           main] c.v.k.KoiranvaatekauppaApplication       : Tallennetaan tuote ja valmistajatiedot
2023-12-04T12:05:20.935+02:00  INFO 12088 --- [           main] c.v.k.KoiranvaatekauppaApplication       : Lisätään kaikki data.
Hibernate: select t1_0.id,t1_0.hinta,t1_0.koko,t1_0.maara,t1_0.tuote_nimi,t1_0.tyyppi,t1_0.valmistaja_id,t1_0.vari from tuote t1_0
Hibernate: select v1_0.id,v1_0.nimi from valmistaja v1_0 where v1_0.id=?
Hibernate: select v1_0.id,v1_0.nimi from valmistaja v1_0 where v1_0.id=?
Hibernate: select v1_0.id,v1_0.nimi from valmistaja v1_0 where v1_0.id=?
2023-12-04T12:05:21.066+02:00  INFO 12088 --- [           main] c.v.k.KoiranvaatekauppaApplication       : com.viimeiset.koiranvaatekauppa.domain.Tuote@c7ec499
2023-12-04T12:05:21.066+02:00  INFO 12088 --- [           main] c.v.k.KoiranvaatekauppaApplication       : com.viimeiset.koiranvaatekauppa.domain.Tuote@5c943847
2023-12-04T12:05:21.066+02:00  INFO 12088 --- [           main] c.v.k.KoiranvaatekauppaApplication       : com.viimeiset.koiranvaatekauppa.domain.Tuote@685f43ca
2023-12-04T12:05:21.066+02:00  INFO 12088 --- [           main] c.v.k.KoiranvaatekauppaApplication       : com.viimeiset.koiranvaatekauppa.domain.Tuote@7952348f
2023-12-04T12:05:21.066+02:00  INFO 12088 --- [           main] c.v.k.KoiranvaatekauppaApplication       : com.viimeiset.koiranvaatekauppa.domain.Tuote@4f3d49e4
2023-12-04T12:05:21.066+02:00  INFO 12088 --- [           main] c.v.k.KoiranvaatekauppaApplication       : com.viimeiset.koiranvaatekauppa.domain.Tuote@7d26b390
Hibernate: select v1_0.id,v1_0.nimi from valmistaja v1_0 where v1_0.nimi=?
Hibernate: insert into tuote (hinta,koko,maara,tuote_nimi,tyyppi,valmistaja_id,vari) values (?,?,?,?,?,?,?)
]]></system-out>
  </testcase>
  <testcase name="removeTuote" classname="com.viimeiset.koiranvaatekauppa.TuoteTest" time="0.019">
    <error message="Index 0 out of bounds for length 0" type="java.lang.IndexOutOfBoundsException"><![CDATA[java.lang.IndexOutOfBoundsException: Index 0 out of bounds for length 0
	at java.base/jdk.internal.util.Preconditions.outOfBounds(Preconditions.java:100)
	at java.base/jdk.internal.util.Preconditions.outOfBoundsCheckIndex(Preconditions.java:106)
	at java.base/jdk.internal.util.Preconditions.checkIndex(Preconditions.java:302)
	at java.base/java.util.Objects.checkIndex(Objects.java:385)
	at java.base/java.util.ArrayList.get(ArrayList.java:427)
	at com.viimeiset.koiranvaatekauppa.TuoteTest.removeTuote(TuoteTest.java:54)
	at java.base/jdk.internal.reflect.DirectMethodHandleAccessor.invoke(DirectMethodHandleAccessor.java:104)
	at java.base/java.lang.reflect.Method.invoke(Method.java:578)
	at org.junit.platform.commons.util.ReflectionUtils.invokeMethod(ReflectionUtils.java:727)
	at org.junit.jupiter.engine.execution.MethodInvocation.proceed(MethodInvocation.java:60)
	at org.junit.jupiter.engine.execution.InvocationInterceptorChain$ValidatingInvocation.proceed(InvocationInterceptorChain.java:131)
	at org.junit.jupiter.engine.extension.TimeoutExtension.intercept(TimeoutExtension.java:156)
	at org.junit.jupiter.engine.extension.TimeoutExtension.interceptTestableMethod(TimeoutExtension.java:147)
	at org.junit.jupiter.engine.extension.TimeoutExtension.interceptTestMethod(TimeoutExtension.java:86)
	at org.junit.jupiter.engine.execution.InterceptingExecutableInvoker$ReflectiveInterceptorCall.lambda$ofVoidMethod$0(InterceptingExecutableInvoker.java:103)
	at org.junit.jupiter.engine.execution.InterceptingExecutableInvoker.lambda$invoke$0(InterceptingExecutableInvoker.java:93)
	at org.junit.jupiter.engine.execution.InvocationInterceptorChain$InterceptedInvocation.proceed(InvocationInterceptorChain.java:106)
	at org.junit.jupiter.engine.execution.InvocationInterceptorChain.proceed(InvocationInterceptorChain.java:64)
	at org.junit.jupiter.engine.execution.InvocationInterceptorChain.chainAndInvoke(InvocationInterceptorChain.java:45)
	at org.junit.jupiter.engine.execution.InvocationInterceptorChain.invoke(InvocationInterceptorChain.java:37)
	at org.junit.jupiter.engine.execution.InterceptingExecutableInvoker.invoke(InterceptingExecutableInvoker.java:92)
	at org.junit.jupiter.engine.execution.InterceptingExecutableInvoker.invoke(InterceptingExecutableInvoker.java:86)
	at org.junit.jupiter.engine.descriptor.TestMethodTestDescriptor.lambda$invokeTestMethod$7(TestMethodTestDescriptor.java:217)
	at org.junit.platform.engine.support.hierarchical.ThrowableCollector.execute(ThrowableCollector.java:73)
	at org.junit.jupiter.engine.descriptor.TestMethodTestDescriptor.invokeTestMethod(TestMethodTestDescriptor.java:213)
	at org.junit.jupiter.engine.descriptor.TestMethodTestDescriptor.execute(TestMethodTestDescriptor.java:138)
	at org.junit.jupiter.engine.descriptor.TestMethodTestDescriptor.execute(TestMethodTestDescriptor.java:68)
	at org.junit.platform.engine.support.hierarchical.NodeTestTask.lambda$executeRecursively$6(NodeTestTask.java:151)
	at org.junit.platform.engine.support.hierarchical.ThrowableCollector.execute(ThrowableCollector.java:73)
	at org.junit.platform.engine.support.hierarchical.NodeTestTask.lambda$executeRecursively$8(NodeTestTask.java:141)
	at org.junit.platform.engine.support.hierarchical.Node.around(Node.java:137)
	at org.junit.platform.engine.support.hierarchical.NodeTestTask.lambda$executeRecursively$9(NodeTestTask.java:139)
	at org.junit.platform.engine.support.hierarchical.ThrowableCollector.execute(ThrowableCollector.java:73)
	at org.junit.platform.engine.support.hierarchical.NodeTestTask.executeRecursively(NodeTestTask.java:138)
	at org.junit.platform.engine.support.hierarchical.NodeTestTask.execute(NodeTestTask.java:95)
	at java.base/java.util.ArrayList.forEach(ArrayList.java:1511)
	at org.junit.platform.engine.support.hierarchical.SameThreadHierarchicalTestExecutorService.invokeAll(SameThreadHierarchicalTestExecutorService.java:41)
	at org.junit.platform.engine.support.hierarchical.NodeTestTask.lambda$executeRecursively$6(NodeTestTask.java:155)
	at org.junit.platform.engine.support.hierarchical.ThrowableCollector.execute(ThrowableCollector.java:73)
	at org.junit.platform.engine.support.hierarchical.NodeTestTask.lambda$executeRecursively$8(NodeTestTask.java:141)
	at org.junit.platform.engine.support.hierarchical.Node.around(Node.java:137)
	at org.junit.platform.engine.support.hierarchical.NodeTestTask.lambda$executeRecursively$9(NodeTestTask.java:139)
	at org.junit.platform.engine.support.hierarchical.ThrowableCollector.execute(ThrowableCollector.java:73)
	at org.junit.platform.engine.support.hierarchical.NodeTestTask.executeRecursively(NodeTestTask.java:138)
	at org.junit.platform.engine.support.hierarchical.NodeTestTask.execute(NodeTestTask.java:95)
	at java.base/java.util.ArrayList.forEach(ArrayList.java:1511)
	at org.junit.platform.engine.support.hierarchical.SameThreadHierarchicalTestExecutorService.invokeAll(SameThreadHierarchicalTestExecutorService.java:41)
	at org.junit.platform.engine.support.hierarchical.NodeTestTask.lambda$executeRecursively$6(NodeTestTask.java:155)
	at org.junit.platform.engine.support.hierarchical.ThrowableCollector.execute(ThrowableCollector.java:73)
	at org.junit.platform.engine.support.hierarchical.NodeTestTask.lambda$executeRecursively$8(NodeTestTask.java:141)
	at org.junit.platform.engine.support.hierarchical.Node.around(Node.java:137)
	at org.junit.platform.engine.support.hierarchical.NodeTestTask.lambda$executeRecursively$9(NodeTestTask.java:139)
	at org.junit.platform.engine.support.hierarchical.ThrowableCollector.execute(ThrowableCollector.java:73)
	at org.junit.platform.engine.support.hierarchical.NodeTestTask.executeRecursively(NodeTestTask.java:138)
	at org.junit.platform.engine.support.hierarchical.NodeTestTask.execute(NodeTestTask.java:95)
	at org.junit.platform.engine.support.hierarchical.SameThreadHierarchicalTestExecutorService.submit(SameThreadHierarchicalTestExecutorService.java:35)
	at org.junit.platform.engine.support.hierarchical.HierarchicalTestExecutor.execute(HierarchicalTestExecutor.java:57)
	at org.junit.platform.engine.support.hierarchical.HierarchicalTestEngine.execute(HierarchicalTestEngine.java:54)
	at org.junit.platform.launcher.core.EngineExecutionOrchestrator.execute(EngineExecutionOrchestrator.java:147)
	at org.junit.platform.launcher.core.EngineExecutionOrchestrator.execute(EngineExecutionOrchestrator.java:127)
	at org.junit.platform.launcher.core.EngineExecutionOrchestrator.execute(EngineExecutionOrchestrator.java:90)
	at org.junit.platform.launcher.core.EngineExecutionOrchestrator.lambda$execute$0(EngineExecutionOrchestrator.java:55)
	at org.junit.platform.launcher.core.EngineExecutionOrchestrator.withInterceptedStreams(EngineExecutionOrchestrator.java:102)
	at org.junit.platform.launcher.core.EngineExecutionOrchestrator.execute(EngineExecutionOrchestrator.java:54)
	at org.junit.platform.launcher.core.DefaultLauncher.execute(DefaultLauncher.java:114)
	at org.junit.platform.launcher.core.DefaultLauncher.execute(DefaultLauncher.java:86)
	at org.junit.platform.launcher.core.DefaultLauncherSession$DelegatingLauncher.execute(DefaultLauncherSession.java:86)
	at org.apache.maven.surefire.junitplatform.LazyLauncher.execute(LazyLauncher.java:50)
	at org.apache.maven.surefire.junitplatform.JUnitPlatformProvider.execute(JUnitPlatformProvider.java:184)
	at org.apache.maven.surefire.junitplatform.JUnitPlatformProvider.invokeAllTests(JUnitPlatformProvider.java:148)
	at org.apache.maven.surefire.junitplatform.JUnitPlatformProvider.invoke(JUnitPlatformProvider.java:122)
	at org.apache.maven.surefire.booter.ForkedBooter.runSuitesInProcess(ForkedBooter.java:385)
	at org.apache.maven.surefire.booter.ForkedBooter.execute(ForkedBooter.java:162)
	at org.apache.maven.surefire.booter.ForkedBooter.run(ForkedBooter.java:507)
	at org.apache.maven.surefire.booter.ForkedBooter.main(ForkedBooter.java:495)
]]></error>
    <system-out><![CDATA[Hibernate: select t1_0.id,t1_0.hinta,t1_0.koko,t1_0.maara,t1_0.tuote_nimi,t1_0.tyyppi,t1_0.valmistaja_id,t1_0.vari from tuote t1_0 where t1_0.tuote_nimi=?
]]></system-out>
  </testcase>
</testsuite>